<?xml version="1.0" encoding="UTF-8" ?>
<testsuite tests="6" failures="0" name="com.sample.mvc.controllerTest.EmployeeControllerTest" time="2.84" errors="0" skipped="0">
  <properties>
    <property name="java.runtime.name" value="Java(TM) SE Runtime Environment"/>
    <property name="sun.boot.library.path" value="C:\Program Files\Java\jdk1.8.0_25\jre\bin"/>
    <property name="java.vm.version" value="25.25-b02"/>
    <property name="java.vm.vendor" value="Oracle Corporation"/>
    <property name="java.vendor.url" value="http://java.oracle.com/"/>
    <property name="path.separator" value=";"/>
    <property name="guice.disable.misplaced.annotation.check" value="true"/>
    <property name="java.vm.name" value="Java HotSpot(TM) 64-Bit Server VM"/>
    <property name="file.encoding.pkg" value="sun.io"/>
    <property name="user.script" value=""/>
    <property name="user.country" value="US"/>
    <property name="sun.java.launcher" value="SUN_STANDARD"/>
    <property name="sun.os.patch.level" value=""/>
    <property name="java.vm.specification.name" value="Java Virtual Machine Specification"/>
    <property name="user.dir" value="D:\Documents\CI_CD_DOCKER_JAVA\EMS"/>
    <property name="java.runtime.version" value="1.8.0_25-b18"/>
    <property name="java.awt.graphicsenv" value="sun.awt.Win32GraphicsEnvironment"/>
    <property name="java.endorsed.dirs" value="C:\Program Files\Java\jdk1.8.0_25\jre\lib\endorsed"/>
    <property name="os.arch" value="amd64"/>
    <property name="java.io.tmpdir" value="C:\Users\vishnuk\AppData\Local\Temp\"/>
    <property name="line.separator" value="
"/>
    <property name="java.vm.specification.vendor" value="Oracle Corporation"/>
    <property name="user.variant" value=""/>
    <property name="os.name" value="Windows 8"/>
    <property name="classworlds.conf" value="D:\software_ctshare\apache-maven-3.1.1-bin\apache-maven-3.1.1\bin\..\bin\m2.conf"/>
    <property name="sun.jnu.encoding" value="Cp1252"/>
    <property name="java.library.path" value="C:\Program Files\Java\jdk1.8.0_25\bin;C:\Windows\Sun\Java\bin;C:\Windows\system32;C:\Windows;C:\ProgramData\Oracle\Java\javapath;%JAVA-HOME%\bin;D:\software_ctshare\apache-maven-3.1.1-bin\apache-maven-3.1.1\bin;C:\Windows\System32;C:\Program Files (x86)\cvsnt;D:\software_ctshare\sonar-runner-dist-2.4\sonar-runner-2.4\bin;D:\software_ctshare\gradle-2.2.1-all\gradle-2.2.1\bin;C:\Program Files (x86)\Git\bin;D:\software_ctshare\cobertura-2.1.1-bin.tar\cobertura-2.1.1-bin\cobertura-2.1.1;D:\apache-ant-1.8.2\bin;C:\Program Files\Java\jdk1.8.0_25\bin;C:\Program Files (x86)\nodejs\;C:\Program Files\MySQL\MySQL Server 5.6\bin;D:\software_ctshare\artifactory-3.6.0\artifactory-3.6.0\bin;D:\software_ctshare\elasticsearch-1.5.1\bin;D:\software_ctshare\logstash-1.4.2\logstash-1.4.2\bin;D:\software_ctshare\kibana-4.0.2-windows\kibana-4.0.2-windows\bin;C:\Go\bin;C:\Program Files (x86)\scala\bin;C:\Program Files (x86)\Skype\Phone\;c:\jruby-1.7.13\bin;C:\Users\vishnuk\AppData\Roaming\npm;."/>
    <property name="java.specification.name" value="Java Platform API Specification"/>
    <property name="java.class.version" value="52.0"/>
    <property name="sun.management.compiler" value="HotSpot 64-Bit Tiered Compilers"/>
    <property name="os.version" value="6.2"/>
    <property name="user.home" value="C:\Users\vishnuk"/>
    <property name="user.timezone" value="Asia/Calcutta"/>
    <property name="java.awt.printerjob" value="sun.awt.windows.WPrinterJob"/>
    <property name="java.specification.version" value="1.8"/>
    <property name="file.encoding" value="Cp1252"/>
    <property name="user.name" value="vishnuk"/>
    <property name="java.class.path" value="D:\software_ctshare\apache-maven-3.1.1-bin\apache-maven-3.1.1\bin\..\boot\plexus-classworlds-2.5.1.jar"/>
    <property name="org.slf4j.simpleLogger.defaultLogLevel" value="info"/>
    <property name="java.vm.specification.version" value="1.8"/>
    <property name="sun.arch.data.model" value="64"/>
    <property name="java.home" value="C:\Program Files\Java\jdk1.8.0_25\jre"/>
    <property name="sun.java.command" value="org.codehaus.plexus.classworlds.launcher.Launcher install"/>
    <property name="java.specification.vendor" value="Oracle Corporation"/>
    <property name="user.language" value="en"/>
    <property name="awt.toolkit" value="sun.awt.windows.WToolkit"/>
    <property name="java.vm.info" value="mixed mode"/>
    <property name="java.version" value="1.8.0_25"/>
    <property name="java.ext.dirs" value="C:\Program Files\Java\jdk1.8.0_25\jre\lib\ext;C:\Windows\Sun\Java\lib\ext"/>
    <property name="sun.boot.class.path" value="C:\Program Files\Java\jdk1.8.0_25\jre\lib\resources.jar;C:\Program Files\Java\jdk1.8.0_25\jre\lib\rt.jar;C:\Program Files\Java\jdk1.8.0_25\jre\lib\sunrsasign.jar;C:\Program Files\Java\jdk1.8.0_25\jre\lib\jsse.jar;C:\Program Files\Java\jdk1.8.0_25\jre\lib\jce.jar;C:\Program Files\Java\jdk1.8.0_25\jre\lib\charsets.jar;C:\Program Files\Java\jdk1.8.0_25\jre\lib\jfr.jar;C:\Program Files\Java\jdk1.8.0_25\jre\classes"/>
    <property name="sun.stderr.encoding" value="cp437"/>
    <property name="java.vendor" value="Oracle Corporation"/>
    <property name="maven.home" value="D:\software_ctshare\apache-maven-3.1.1-bin\apache-maven-3.1.1\bin\.."/>
    <property name="file.separator" value="\"/>
    <property name="java.vendor.url.bug" value="http://bugreport.sun.com/bugreport/"/>
    <property name="sun.cpu.endian" value="little"/>
    <property name="sun.io.unicode.encoding" value="UnicodeLittle"/>
    <property name="sun.stdout.encoding" value="cp437"/>
    <property name="sun.desktop" value="windows"/>
    <property name="sun.cpu.isalist" value="amd64"/>
  </properties>
  <testcase classname="com.sample.mvc.controllerTest.EmployeeControllerTest" name="testDeleteEmployee" time="2.184"/>
  <testcase classname="com.sample.mvc.controllerTest.EmployeeControllerTest" name="testAddEmployee" time="0.016"/>
  <testcase classname="com.sample.mvc.controllerTest.EmployeeControllerTest" name="testGetEmployeeById" time="0.015"/>
  <testcase classname="com.sample.mvc.controllerTest.EmployeeControllerTest" name="testUpdateEmployee" time="0"/>
  <testcase classname="com.sample.mvc.controllerTest.EmployeeControllerTest" name="testListContacts" time="0.016"/>
  <testcase classname="com.sample.mvc.controllerTest.EmployeeControllerTest" name="testViewHome" time="0.047"/>
</testsuite>